<?xml version="1.0" encoding="UTF-8"?>
<testng-results skipped="0" failed="0" ignored="0" total="10" passed="10">
  <reporter-output>
  </reporter-output>
  <suite name="chrome" duration-ms="943640" started-at="2021-07-26T15:48:16 IST" finished-at="2021-07-26T16:04:00 IST">
    <groups>
      <group name="cucumber">
        <method signature="AbstractTestNGCucumberTests.runScenario(io.cucumber.testng.PickleWrapper, io.cucumber.testng.FeatureWrapper)[pri:0, instance:testSuite.Contacts_Runner@3578436e]" name="runScenario" class="io.cucumber.testng.AbstractTestNGCucumberTests"/>
        <method signature="AbstractTestNGCucumberTests.runScenario(io.cucumber.testng.PickleWrapper, io.cucumber.testng.FeatureWrapper)[pri:0, instance:testSuite.Lead_Runner@2eda0940]" name="runScenario" class="io.cucumber.testng.AbstractTestNGCucumberTests"/>
        <method signature="AbstractTestNGCucumberTests.runScenario(io.cucumber.testng.PickleWrapper, io.cucumber.testng.FeatureWrapper)[pri:0, instance:testSuite.Login_Runner@eb21112]" name="runScenario" class="io.cucumber.testng.AbstractTestNGCucumberTests"/>
        <method signature="AbstractTestNGCucumberTests.runScenario(io.cucumber.testng.PickleWrapper, io.cucumber.testng.FeatureWrapper)[pri:0, instance:testSuite.Logout_Runner@706a04ae]" name="runScenario" class="io.cucumber.testng.AbstractTestNGCucumberTests"/>
      </group> <!-- cucumber -->
    </groups>
    <test name="Test" duration-ms="943640" started-at="2021-07-26T15:48:16 IST" finished-at="2021-07-26T16:04:00 IST">
      <class name="testSuite.Lead_Runner">
        <test-method status="PASS" signature="setUpClass()[pri:0, instance:testSuite.Lead_Runner@2eda0940]" name="setUpClass" is-config="true" duration-ms="46" started-at="2021-07-26T15:48:25 IST" finished-at="2021-07-26T15:48:25 IST">
          <reporter-output>
          </reporter-output>
        </test-method> <!-- setUpClass -->
        <test-method status="PASS" signature="runScenario(io.cucumber.testng.PickleWrapper, io.cucumber.testng.FeatureWrapper)[pri:0, instance:testSuite.Lead_Runner@2eda0940]" name="runScenario" duration-ms="6445" started-at="2021-07-26T15:48:25 IST" description="Runs Cucumber Scenarios" data-provider="scenarios" finished-at="2021-07-26T15:48:31 IST">
          <params>
            <param index="0">
              <value>
                <![CDATA["Click New Lead"]]>
              </value>
            </param>
            <param index="1">
              <value>
                <![CDATA["Optional[Create a new Lead,Update Lead and validate functionality]"]]>
              </value>
            </param>
          </params>
          <reporter-output>
          </reporter-output>
        </test-method> <!-- runScenario -->
        <test-method status="PASS" signature="runScenario(io.cucumber.testng.PickleWrapper, io.cucumber.testng.FeatureWrapper)[pri:0, instance:testSuite.Lead_Runner@2eda0940]" name="runScenario" duration-ms="10853" started-at="2021-07-26T15:48:31 IST" description="Runs Cucumber Scenarios" data-provider="scenarios" finished-at="2021-07-26T15:48:42 IST">
          <params>
            <param index="0">
              <value>
                <![CDATA["Save Lead  by filling the form"]]>
              </value>
            </param>
            <param index="1">
              <value>
                <![CDATA["Optional[Create a new Lead,Update Lead and validate functionality]"]]>
              </value>
            </param>
          </params>
          <reporter-output>
          </reporter-output>
        </test-method> <!-- runScenario -->
        <test-method status="PASS" signature="runScenario(io.cucumber.testng.PickleWrapper, io.cucumber.testng.FeatureWrapper)[pri:0, instance:testSuite.Lead_Runner@2eda0940]" name="runScenario" duration-ms="4359" started-at="2021-07-26T15:48:42 IST" description="Runs Cucumber Scenarios" data-provider="scenarios" finished-at="2021-07-26T15:48:46 IST">
          <params>
            <param index="0">
              <value>
                <![CDATA["Edit Lead Data and Check"]]>
              </value>
            </param>
            <param index="1">
              <value>
                <![CDATA["Optional[Create a new Lead,Update Lead and validate functionality]"]]>
              </value>
            </param>
          </params>
          <reporter-output>
          </reporter-output>
        </test-method> <!-- runScenario -->
        <test-method status="PASS" signature="runScenario(io.cucumber.testng.PickleWrapper, io.cucumber.testng.FeatureWrapper)[pri:0, instance:testSuite.Lead_Runner@2eda0940]" name="runScenario" duration-ms="25280" started-at="2021-07-26T15:48:46 IST" description="Runs Cucumber Scenarios" data-provider="scenarios" finished-at="2021-07-26T15:49:12 IST">
          <params>
            <param index="0">
              <value>
                <![CDATA["Move Lead to contact"]]>
              </value>
            </param>
            <param index="1">
              <value>
                <![CDATA["Optional[Create a new Lead,Update Lead and validate functionality]"]]>
              </value>
            </param>
          </params>
          <reporter-output>
          </reporter-output>
        </test-method> <!-- runScenario -->
        <test-method status="PASS" signature="runScenario(io.cucumber.testng.PickleWrapper, io.cucumber.testng.FeatureWrapper)[pri:0, instance:testSuite.Lead_Runner@2eda0940]" name="runScenario" duration-ms="11692" started-at="2021-07-26T15:49:12 IST" description="Runs Cucumber Scenarios" data-provider="scenarios" finished-at="2021-07-26T15:49:23 IST">
          <params>
            <param index="0">
              <value>
                <![CDATA["WebtoLead"]]>
              </value>
            </param>
            <param index="1">
              <value>
                <![CDATA["Optional[Create a new Lead,Update Lead and validate functionality]"]]>
              </value>
            </param>
          </params>
          <reporter-output>
          </reporter-output>
        </test-method> <!-- runScenario -->
        <test-method status="PASS" signature="runScenario(io.cucumber.testng.PickleWrapper, io.cucumber.testng.FeatureWrapper)[pri:0, instance:testSuite.Lead_Runner@2eda0940]" name="runScenario" duration-ms="29593" started-at="2021-07-26T15:49:23 IST" description="Runs Cucumber Scenarios" data-provider="scenarios" finished-at="2021-07-26T15:49:53 IST">
          <params>
            <param index="0">
              <value>
                <![CDATA["Import Lead from csv File"]]>
              </value>
            </param>
            <param index="1">
              <value>
                <![CDATA["Optional[Create a new Lead,Update Lead and validate functionality]"]]>
              </value>
            </param>
          </params>
          <reporter-output>
          </reporter-output>
        </test-method> <!-- runScenario -->
        <test-method status="PASS" signature="runScenario(io.cucumber.testng.PickleWrapper, io.cucumber.testng.FeatureWrapper)[pri:0, instance:testSuite.Lead_Runner@2eda0940]" name="runScenario" duration-ms="13380" started-at="2021-07-26T15:49:53 IST" description="Runs Cucumber Scenarios" data-provider="scenarios" finished-at="2021-07-26T15:50:06 IST">
          <params>
            <param index="0">
              <value>
                <![CDATA["get  picklist data using Object Manager"]]>
              </value>
            </param>
            <param index="1">
              <value>
                <![CDATA["Optional[Create a new Lead,Update Lead and validate functionality]"]]>
              </value>
            </param>
          </params>
          <reporter-output>
          </reporter-output>
        </test-method> <!-- runScenario -->
        <test-method status="PASS" signature="tearDownClass()[pri:0, instance:testSuite.Lead_Runner@2eda0940]" name="tearDownClass" is-config="true" duration-ms="509" started-at="2021-07-26T15:50:06 IST" finished-at="2021-07-26T15:50:07 IST">
          <reporter-output>
          </reporter-output>
        </test-method> <!-- tearDownClass -->
      </class> <!-- testSuite.Lead_Runner -->
      <class name="testSuite.Login_Runner">
        <test-method status="PASS" signature="setUpClass()[pri:0, instance:testSuite.Login_Runner@eb21112]" name="setUpClass" is-config="true" duration-ms="626" started-at="2021-07-26T15:48:16 IST" finished-at="2021-07-26T15:48:17 IST">
          <reporter-output>
          </reporter-output>
        </test-method> <!-- setUpClass -->
        <test-method status="PASS" signature="runScenario(io.cucumber.testng.PickleWrapper, io.cucumber.testng.FeatureWrapper)[pri:0, instance:testSuite.Login_Runner@eb21112]" name="runScenario" duration-ms="7925" started-at="2021-07-26T15:48:17 IST" description="Runs Cucumber Scenarios" data-provider="scenarios" finished-at="2021-07-26T15:48:25 IST">
          <params>
            <param index="0">
              <value>
                <![CDATA["Launch Salesforce site and Login"]]>
              </value>
            </param>
            <param index="1">
              <value>
                <![CDATA["Optional[validate Login functionality]"]]>
              </value>
            </param>
          </params>
          <reporter-output>
          </reporter-output>
        </test-method> <!-- runScenario -->
        <test-method status="PASS" signature="tearDownClass()[pri:0, instance:testSuite.Login_Runner@eb21112]" name="tearDownClass" is-config="true" duration-ms="40" started-at="2021-07-26T15:48:25 IST" finished-at="2021-07-26T15:48:25 IST">
          <reporter-output>
          </reporter-output>
        </test-method> <!-- tearDownClass -->
      </class> <!-- testSuite.Login_Runner -->
      <class name="testSuite.Contacts_Runner">
        <test-method status="PASS" signature="setUpClass()[pri:0, instance:testSuite.Contacts_Runner@3578436e]" name="setUpClass" is-config="true" duration-ms="10" started-at="2021-07-26T15:50:07 IST" finished-at="2021-07-26T15:50:07 IST">
          <reporter-output>
          </reporter-output>
        </test-method> <!-- setUpClass -->
        <test-method status="PASS" signature="runScenario(io.cucumber.testng.PickleWrapper, io.cucumber.testng.FeatureWrapper)[pri:0, instance:testSuite.Contacts_Runner@3578436e]" name="runScenario" duration-ms="806904" started-at="2021-07-26T15:50:07 IST" description="Runs Cucumber Scenarios" data-provider="scenarios" finished-at="2021-07-26T16:03:34 IST">
          <params>
            <param index="0">
              <value>
                <![CDATA["Launch Salesforce site and Login"]]>
              </value>
            </param>
            <param index="1">
              <value>
                <![CDATA["Optional[Check the Contact and Delete]"]]>
              </value>
            </param>
          </params>
          <reporter-output>
          </reporter-output>
        </test-method> <!-- runScenario -->
        <test-method status="PASS" signature="tearDownClass()[pri:0, instance:testSuite.Contacts_Runner@3578436e]" name="tearDownClass" is-config="true" duration-ms="408" started-at="2021-07-26T16:03:34 IST" finished-at="2021-07-26T16:03:34 IST">
          <reporter-output>
          </reporter-output>
        </test-method> <!-- tearDownClass -->
      </class> <!-- testSuite.Contacts_Runner -->
      <class name="testSuite.Logout_Runner">
        <test-method status="PASS" signature="setUpClass()[pri:0, instance:testSuite.Logout_Runner@706a04ae]" name="setUpClass" is-config="true" duration-ms="8" started-at="2021-07-26T16:03:34 IST" finished-at="2021-07-26T16:03:34 IST">
          <reporter-output>
          </reporter-output>
        </test-method> <!-- setUpClass -->
        <test-method status="PASS" signature="runScenario(io.cucumber.testng.PickleWrapper, io.cucumber.testng.FeatureWrapper)[pri:0, instance:testSuite.Logout_Runner@706a04ae]" name="runScenario" duration-ms="25048" started-at="2021-07-26T16:03:34 IST" description="Runs Cucumber Scenarios" data-provider="scenarios" finished-at="2021-07-26T16:03:59 IST">
          <params>
            <param index="0">
              <value>
                <![CDATA["Logout from Sales from Dashboard"]]>
              </value>
            </param>
            <param index="1">
              <value>
                <![CDATA["Optional[validate Logout functionality]"]]>
              </value>
            </param>
          </params>
          <reporter-output>
          </reporter-output>
        </test-method> <!-- runScenario -->
        <test-method status="PASS" signature="tearDownClass()[pri:0, instance:testSuite.Logout_Runner@706a04ae]" name="tearDownClass" is-config="true" duration-ms="462" started-at="2021-07-26T16:03:59 IST" finished-at="2021-07-26T16:04:00 IST">
          <reporter-output>
          </reporter-output>
        </test-method> <!-- tearDownClass -->
      </class> <!-- testSuite.Logout_Runner -->
      <class name="base.Base">
        <test-method status="PASS" signature="reportintialize()[pri:0, instance:base.Base@43a0cee9]" name="reportintialize" is-config="true" duration-ms="9617" started-at="2021-07-26T15:48:07 IST" finished-at="2021-07-26T15:48:16 IST">
          <reporter-output>
          </reporter-output>
        </test-method> <!-- reportintialize -->
        <test-method status="PASS" signature="CloseDriver()[pri:0, instance:base.Base@43a0cee9]" name="CloseDriver" is-config="true" duration-ms="5068" started-at="2021-07-26T16:04:00 IST" finished-at="2021-07-26T16:04:05 IST">
          <reporter-output>
          </reporter-output>
        </test-method> <!-- CloseDriver -->
      </class> <!-- base.Base -->
    </test> <!-- Test -->
  </suite> <!-- chrome -->
</testng-results>
